2014/02/10 10:53:06 [error] [exception.CHttpException.404] exception 'CHttpException' with message 'Unable to resolve the request "gii".' in /var/www/yii/framework/web/CWebApplication.php:286
Stack trace:
#0 /var/www/yii/framework/web/CWebApplication.php(141): CWebApplication->runController('gii')
#1 /var/www/yii/framework/base/CApplication.php(180): CWebApplication->processRequest()
#2 /var/www/amantran/index.php(13): CApplication->run()
#3 {main}
REQUEST_URI=/amantran/index.php?r=gii
---
2014/02/10 10:59:28 [error] [php] include(Contact.php): failed to open stream: No such file or directory (/var/www/yii/framework/YiiBase.php:427)
Stack trace:
#0 /var/www/yii/framework/db/ar/CActiveRecord.php(395): spl_autoload_call()
#1 /var/www/yii/framework/web/CActiveDataProvider.php(165): model()
#2 /var/www/yii/framework/web/CActiveDataProvider.php(87): CActiveDataProvider->getModel()
#3 /var/www/amantran/protected/controllers/invmgmt/ContactController.php(125): CActiveDataProvider->__construct()
#4 /var/www/yii/framework/web/actions/CInlineAction.php(49): ContactController->actionIndex()
#5 /var/www/yii/framework/web/CController.php(308): CInlineAction->runWithParams()
#6 /var/www/yii/framework/web/filters/CFilterChain.php(133): ContactController->runAction()
#7 /var/www/yii/framework/web/filters/CFilter.php(40): CFilterChain->run()
#8 /var/www/yii/framework/web/CController.php(1145): CAccessControlFilter->filter()
#9 /var/www/yii/framework/web/filters/CInlineFilter.php(58): ContactController->filterAccessControl()
#10 /var/www/yii/framework/web/filters/CFilterChain.php(130): CInlineFilter->filter()
#11 /var/www/yii/framework/web/CController.php(291): CFilterChain->run()
#12 /var/www/yii/framework/web/CController.php(265): ContactController->runActionWithFilters()
#13 /var/www/yii/framework/web/CWebApplication.php(282): ContactController->run()
#14 /var/www/yii/framework/web/CWebApplication.php(141): CWebApplication->runController()
#15 /var/www/yii/framework/base/CApplication.php(180): CWebApplication->processRequest()
#16 /var/www/amantran/index.php(13): CWebApplication->run()
REQUEST_URI=/amantran/index.php?r=invmgmt/contact
in /var/www/amantran/protected/controllers/invmgmt/ContactController.php (125)
in /var/www/amantran/index.php (13)
2014/02/10 11:01:26 [error] [php] include(Contact.php): failed to open stream: No such file or directory (/var/www/yii/framework/YiiBase.php:427)
Stack trace:
#0 /var/www/yii/framework/db/ar/CActiveRecord.php(395): spl_autoload_call()
#1 /var/www/yii/framework/web/CActiveDataProvider.php(165): model()
#2 /var/www/yii/framework/web/CActiveDataProvider.php(87): CActiveDataProvider->getModel()
#3 /var/www/amantran/protected/controllers/invmgmt/ContactController.php(125): CActiveDataProvider->__construct()
#4 /var/www/yii/framework/web/actions/CInlineAction.php(49): ContactController->actionIndex()
#5 /var/www/yii/framework/web/CController.php(308): CInlineAction->runWithParams()
#6 /var/www/yii/framework/web/filters/CFilterChain.php(133): ContactController->runAction()
#7 /var/www/yii/framework/web/filters/CFilter.php(40): CFilterChain->run()
#8 /var/www/yii/framework/web/CController.php(1145): CAccessControlFilter->filter()
#9 /var/www/yii/framework/web/filters/CInlineFilter.php(58): ContactController->filterAccessControl()
#10 /var/www/yii/framework/web/filters/CFilterChain.php(130): CInlineFilter->filter()
#11 /var/www/yii/framework/web/CController.php(291): CFilterChain->run()
#12 /var/www/yii/framework/web/CController.php(265): ContactController->runActionWithFilters()
#13 /var/www/yii/framework/web/CWebApplication.php(282): ContactController->run()
#14 /var/www/yii/framework/web/CWebApplication.php(141): CWebApplication->runController()
#15 /var/www/yii/framework/base/CApplication.php(180): CWebApplication->processRequest()
#16 /var/www/amantran/index.php(13): CWebApplication->run()
REQUEST_URI=/amantran/index.php?r=invmgmt/contact
in /var/www/amantran/protected/controllers/invmgmt/ContactController.php (125)
in /var/www/amantran/index.php (13)
2014/02/10 11:01:56 [error] [php] include(Contact.php): failed to open stream: No such file or directory (/var/www/yii/framework/YiiBase.php:427)
Stack trace:
#0 /var/www/yii/framework/db/ar/CActiveRecord.php(395): spl_autoload_call()
#1 /var/www/yii/framework/web/CActiveDataProvider.php(165): model()
#2 /var/www/yii/framework/web/CActiveDataProvider.php(87): CActiveDataProvider->getModel()
#3 /var/www/amantran/protected/controllers/invmgmt/ContactController.php(125): CActiveDataProvider->__construct()
#4 /var/www/yii/framework/web/actions/CInlineAction.php(49): ContactController->actionIndex()
#5 /var/www/yii/framework/web/CController.php(308): CInlineAction->runWithParams()
#6 /var/www/yii/framework/web/filters/CFilterChain.php(133): ContactController->runAction()
#7 /var/www/yii/framework/web/filters/CFilter.php(40): CFilterChain->run()
#8 /var/www/yii/framework/web/CController.php(1145): CAccessControlFilter->filter()
#9 /var/www/yii/framework/web/filters/CInlineFilter.php(58): ContactController->filterAccessControl()
#10 /var/www/yii/framework/web/filters/CFilterChain.php(130): CInlineFilter->filter()
#11 /var/www/yii/framework/web/CController.php(291): CFilterChain->run()
#12 /var/www/yii/framework/web/CController.php(265): ContactController->runActionWithFilters()
#13 /var/www/yii/framework/web/CWebApplication.php(282): ContactController->run()
#14 /var/www/yii/framework/web/CWebApplication.php(141): CWebApplication->runController()
#15 /var/www/yii/framework/base/CApplication.php(180): CWebApplication->processRequest()
#16 /var/www/amantran/index.php(13): CWebApplication->run()
REQUEST_URI=/amantran/index.php?r=invmgmt/contact
in /var/www/amantran/protected/controllers/invmgmt/ContactController.php (125)
in /var/www/amantran/index.php (13)
2014/02/10 11:31:27 [error] [system.db.CDbCommand] CDbCommand::execute() failed: SQLSTATE[23000]: Integrity constraint violation: 1062 Duplicate entry 'bolenedisatyanarayana@gmail.com' for key 'email'. The SQL statement executed was: INSERT INTO `tbl_contact` (`econtact`, `fname`, `lname`, `email`, `mobile`, `address`) VALUES (:yp0, :yp1, :yp2, :yp3, :yp4, :yp5).
in /var/www/amantran/protected/modules/invmgmt/controllers/ContactController.php (73)
in /var/www/amantran/index.php (13)
2014/02/10 11:31:27 [error] [exception.CDbException] exception 'CDbException' with message 'CDbCommand failed to execute the SQL statement: SQLSTATE[23000]: Integrity constraint violation: 1062 Duplicate entry 'bolenedisatyanarayana@gmail.com' for key 'email'. The SQL statement executed was: INSERT INTO `tbl_contact` (`econtact`, `fname`, `lname`, `email`, `mobile`, `address`) VALUES (:yp0, :yp1, :yp2, :yp3, :yp4, :yp5)' in /var/www/yii/framework/db/CDbCommand.php:358
Stack trace:
#0 /var/www/yii/framework/db/ar/CActiveRecord.php(1077): CDbCommand->execute()
#1 /var/www/yii/framework/db/ar/CActiveRecord.php(806): CActiveRecord->insert(NULL)
#2 /var/www/amantran/protected/modules/invmgmt/controllers/ContactController.php(73): CActiveRecord->save()
#3 /var/www/yii/framework/web/actions/CInlineAction.php(49): ContactController->actionCreate()
#4 /var/www/yii/framework/web/CController.php(308): CInlineAction->runWithParams(Array)
#5 /var/www/yii/framework/web/filters/CFilterChain.php(133): CController->runAction(Object(CInlineAction))
#6 /var/www/yii/framework/web/filters/CFilter.php(40): CFilterChain->run()
#7 /var/www/yii/framework/web/CController.php(1145): CFilter->filter(Object(CFilterChain))
#8 /var/www/yii/framework/web/filters/CInlineFilter.php(58): CController->filterAccessControl(Object(CFilterChain))
#9 /var/www/yii/framework/web/filters/CFilterChain.php(130): CInlineFilter->filter(Object(CFilterChain))
#10 /var/www/yii/framework/web/CController.php(291): CFilterChain->run()
#11 /var/www/yii/framework/web/CController.php(265): CController->runActionWithFilters(Object(CInlineAction), Array)
#12 /var/www/yii/framework/web/CWebApplication.php(282): CController->run('create')
#13 /var/www/yii/framework/web/CWebApplication.php(141): CWebApplication->runController('invmgmt/contact...')
#14 /var/www/yii/framework/base/CApplication.php(180): CWebApplication->processRequest()
#15 /var/www/amantran/index.php(13): CApplication->run()
#16 {main}
REQUEST_URI=/amantran/index.php?r=invmgmt/contact/create
HTTP_REFERER=http://localhost/amantran/index.php?r=invmgmt/contact/create
---
2014/02/11 16:01:57 [error] [exception.CHttpException.404] exception 'CHttpException' with message 'The system is unable to find the requested action "invmgmt".' in /var/www/yii/framework/web/CController.php:483
Stack trace:
#0 /var/www/yii/framework/web/CController.php(270): CController->missingAction('invmgmt')
#1 /var/www/yii/framework/web/CWebApplication.php(282): CController->run('invmgmt')
#2 /var/www/yii/framework/web/CWebApplication.php(141): CWebApplication->runController('site/invmgmt')
#3 /var/www/yii/framework/base/CApplication.php(180): CWebApplication->processRequest()
#4 /var/www/amantran/index.php(13): CApplication->run()
#5 {main}
REQUEST_URI=/amantran/index.php?r=site/invmgmt
---
2014/02/11 16:08:55 [error] [exception.CHttpException.404] exception 'CHttpException' with message 'Unable to resolve the request "modules/invmgmt".' in /var/www/yii/framework/web/CWebApplication.php:286
Stack trace:
#0 /var/www/yii/framework/web/CWebApplication.php(141): CWebApplication->runController('modules/invmgmt')
#1 /var/www/yii/framework/base/CApplication.php(180): CWebApplication->processRequest()
#2 /var/www/amantran/index.php(13): CApplication->run()
#3 {main}
REQUEST_URI=/amantran/index.php?r=modules/invmgmt
HTTP_REFERER=http://localhost/amantran/index.php
---
2014/02/11 16:09:17 [error] [exception.CHttpException.404] exception 'CHttpException' with message 'Unable to resolve the request "modules/invmgmt".' in /var/www/yii/framework/web/CWebApplication.php:286
Stack trace:
#0 /var/www/yii/framework/web/CWebApplication.php(141): CWebApplication->runController('modules/invmgmt')
#1 /var/www/yii/framework/base/CApplication.php(180): CWebApplication->processRequest()
#2 /var/www/amantran/index.php(13): CApplication->run()
#3 {main}
REQUEST_URI=/amantran/index.php?r=modules/invmgmt
HTTP_REFERER=http://localhost/amantran/index.php
---
2014/02/11 16:09:24 [error] [exception.CHttpException.404] exception 'CHttpException' with message 'Unable to resolve the request "modules/invmgmt".' in /var/www/yii/framework/web/CWebApplication.php:286
Stack trace:
#0 /var/www/yii/framework/web/CWebApplication.php(141): CWebApplication->runController('modules/invmgmt')
#1 /var/www/yii/framework/base/CApplication.php(180): CWebApplication->processRequest()
#2 /var/www/amantran/index.php(13): CApplication->run()
#3 {main}
REQUEST_URI=/amantran/index.php?r=modules/invmgmt
HTTP_REFERER=http://localhost/amantran/index.php?r=modules/invmgmt
---
2014/02/11 16:10:19 [error] [exception.CHttpException.404] exception 'CHttpException' with message 'Unable to resolve the request "modules/invmgmt".' in /var/www/yii/framework/web/CWebApplication.php:286
Stack trace:
#0 /var/www/yii/framework/web/CWebApplication.php(141): CWebApplication->runController('modules/invmgmt')
#1 /var/www/yii/framework/base/CApplication.php(180): CWebApplication->processRequest()
#2 /var/www/amantran/index.php(13): CApplication->run()
#3 {main}
REQUEST_URI=/amantran/index.php?r=modules/invmgmt
HTTP_REFERER=http://localhost/amantran/index.php?r=modules/invmgmt
---
2014/02/11 16:10:21 [error] [exception.CHttpException.404] exception 'CHttpException' with message 'Unable to resolve the request "modules/invmgmt/views/contact/index".' in /var/www/yii/framework/web/CWebApplication.php:286
Stack trace:
#0 /var/www/yii/framework/web/CWebApplication.php(141): CWebApplication->runController('modules/invmgmt...')
#1 /var/www/yii/framework/base/CApplication.php(180): CWebApplication->processRequest()
#2 /var/www/amantran/index.php(13): CApplication->run()
#3 {main}
REQUEST_URI=/amantran/index.php?r=modules/invmgmt/views/contact/index
HTTP_REFERER=http://localhost/amantran/index.php?r=modules/invmgmt
---
2014/02/11 16:10:37 [error] [exception.CHttpException.404] exception 'CHttpException' with message 'Unable to resolve the request "modules/invmgmt/views/contact/index".' in /var/www/yii/framework/web/CWebApplication.php:286
Stack trace:
#0 /var/www/yii/framework/web/CWebApplication.php(141): CWebApplication->runController('modules/invmgmt...')
#1 /var/www/yii/framework/base/CApplication.php(180): CWebApplication->processRequest()
#2 /var/www/amantran/index.php(13): CApplication->run()
#3 {main}
REQUEST_URI=/amantran/index.php?r=modules/invmgmt/views/contact/index
HTTP_REFERER=http://localhost/amantran/index.php?r=modules/invmgmt/views/contact/index
---
2014/02/11 16:10:49 [error] [exception.CHttpException.404] exception 'CHttpException' with message 'Unable to resolve the request "modules/invmgmt/views/contact/index".' in /var/www/yii/framework/web/CWebApplication.php:286
Stack trace:
#0 /var/www/yii/framework/web/CWebApplication.php(141): CWebApplication->runController('modules/invmgmt...')
#1 /var/www/yii/framework/base/CApplication.php(180): CWebApplication->processRequest()
#2 /var/www/amantran/index.php(13): CApplication->run()
#3 {main}
REQUEST_URI=/amantran/index.php?r=modules/invmgmt/views/contact/index
HTTP_REFERER=http://localhost/amantran/index.php?r=modules/invmgmt/views/contact/index
---
2014/02/11 16:10:51 [error] [exception.CHttpException.404] exception 'CHttpException' with message 'Unable to resolve the request "invmgmt/views/contact/index".' in /var/www/yii/framework/web/CWebApplication.php:286
Stack trace:
#0 /var/www/yii/framework/web/CWebApplication.php(141): CWebApplication->runController('invmgmt/views/c...')
#1 /var/www/yii/framework/base/CApplication.php(180): CWebApplication->processRequest()
#2 /var/www/amantran/index.php(13): CApplication->run()
#3 {main}
REQUEST_URI=/amantran/index.php?r=invmgmt/views/contact/index
HTTP_REFERER=http://localhost/amantran/index.php?r=modules/invmgmt/views/contact/index
---
2014/02/11 16:11:20 [error] [exception.CHttpException.404] exception 'CHttpException' with message 'Unable to resolve the request "invmgmt/views/contact/index".' in /var/www/yii/framework/web/CWebApplication.php:286
Stack trace:
#0 /var/www/yii/framework/web/CWebApplication.php(141): CWebApplication->runController('invmgmt/views/c...')
#1 /var/www/yii/framework/base/CApplication.php(180): CWebApplication->processRequest()
#2 /var/www/amantran/index.php(13): CApplication->run()
#3 {main}
REQUEST_URI=/amantran/index.php?r=invmgmt/views/contact/index
HTTP_REFERER=http://localhost/amantran/index.php?r=invmgmt/views/contact/index
---
2014/02/11 16:12:41 [error] [exception.CHttpException.404] exception 'CHttpException' with message 'Unable to resolve the request "invmgmt/invmgmt/Contact".' in /var/www/yii/framework/web/CWebApplication.php:286
Stack trace:
#0 /var/www/yii/framework/web/CWebApplication.php(141): CWebApplication->runController('invmgmt/invmgmt...')
#1 /var/www/yii/framework/base/CApplication.php(180): CWebApplication->processRequest()
#2 /var/www/amantran/index.php(13): CApplication->run()
#3 {main}
REQUEST_URI=/amantran/index.php?r=invmgmt/invmgmt/Contact
HTTP_REFERER=http://localhost/amantran/index.php?r=invmgmt/Contact
---
2014/02/11 16:12:48 [error] [exception.CHttpException.404] exception 'CHttpException' with message 'Unable to resolve the request "invmgmt/invmgmt/Contact".' in /var/www/yii/framework/web/CWebApplication.php:286
Stack trace:
#0 /var/www/yii/framework/web/CWebApplication.php(141): CWebApplication->runController('invmgmt/invmgmt...')
#1 /var/www/yii/framework/base/CApplication.php(180): CWebApplication->processRequest()
#2 /var/www/amantran/index.php(13): CApplication->run()
#3 {main}
REQUEST_URI=/amantran/index.php?r=invmgmt/invmgmt/Contact
HTTP_REFERER=http://localhost/amantran/index.php?r=invmgmt/Contact
---
2014/02/11 16:16:14 [error] [exception.CHttpException.404] exception 'CHttpException' with message 'Unable to resolve the request "invmgmt/invmgmt/Contact".' in /var/www/yii/framework/web/CWebApplication.php:286
Stack trace:
#0 /var/www/yii/framework/web/CWebApplication.php(141): CWebApplication->runController('invmgmt/invmgmt...')
#1 /var/www/yii/framework/base/CApplication.php(180): CWebApplication->processRequest()
#2 /var/www/amantran/index.php(13): CApplication->run()
#3 {main}
REQUEST_URI=/amantran/index.php?r=invmgmt/invmgmt/Contact
HTTP_REFERER=http://localhost/amantran/index.php?r=invmgmt/Contact
---
2014/02/12 10:41:45 [error] [exception.CHttpException.404] exception 'CHttpException' with message 'Unable to resolve the request "invmgmt/invmgmt/Contact".' in /var/www/yii/framework/web/CWebApplication.php:286
Stack trace:
#0 /var/www/yii/framework/web/CWebApplication.php(141): CWebApplication->runController('invmgmt/invmgmt...')
#1 /var/www/yii/framework/base/CApplication.php(180): CWebApplication->processRequest()
#2 /var/www/amantran/index.php(13): CApplication->run()
#3 {main}
REQUEST_URI=/amantran/index.php?r=invmgmt/invmgmt/Contact
HTTP_REFERER=http://localhost/amantran/index.php?r=invmgmt/Contact
---
2014/02/12 13:29:57 [error] [exception.CHttpException.404] exception 'CHttpException' with message 'Unable to resolve the request "invmgmt/invmgmt/Contact".' in /var/www/yii/framework/web/CWebApplication.php:286
Stack trace:
#0 /var/www/yii/framework/web/CWebApplication.php(141): CWebApplication->runController('invmgmt/invmgmt...')
#1 /var/www/yii/framework/base/CApplication.php(180): CWebApplication->processRequest()
#2 /var/www/amantran/index.php(13): CApplication->run()
#3 {main}
REQUEST_URI=/amantran/index.php?r=invmgmt/invmgmt/Contact
HTTP_REFERER=http://localhost/amantran/index.php?r=invmgmt/Contact
---
2014/02/12 13:30:02 [error] [exception.CHttpException.404] exception 'CHttpException' with message 'Unable to resolve the request "invmgmt/invmgmt/".' in /var/www/yii/framework/web/CWebApplication.php:286
Stack trace:
#0 /var/www/yii/framework/web/CWebApplication.php(141): CWebApplication->runController('invmgmt/invmgmt...')
#1 /var/www/yii/framework/base/CApplication.php(180): CWebApplication->processRequest()
#2 /var/www/amantran/index.php(13): CApplication->run()
#3 {main}
REQUEST_URI=/amantran/index.php?r=invmgmt/invmgmt/
---
2014/02/12 13:31:27 [error] [exception.CHttpException.404] exception 'CHttpException' with message 'Unable to resolve the request "invmgmt/invmgmt/Contact".' in /var/www/yii/framework/web/CWebApplication.php:286
Stack trace:
#0 /var/www/yii/framework/web/CWebApplication.php(141): CWebApplication->runController('invmgmt/invmgmt...')
#1 /var/www/yii/framework/base/CApplication.php(180): CWebApplication->processRequest()
#2 /var/www/amantran/index.php(13): CApplication->run()
#3 {main}
REQUEST_URI=/amantran/index.php?r=invmgmt/invmgmt/Contact
HTTP_REFERER=http://localhost/amantran/index.php?r=invmgmt/contact/admin
---
2014/02/12 13:33:00 [error] [exception.CHttpException.404] exception 'CHttpException' with message 'The system is unable to find the requested action "invmgmt".' in /var/www/yii/framework/web/CController.php:483
Stack trace:
#0 /var/www/yii/framework/web/CController.php(270): CController->missingAction('invmgmt')
#1 /var/www/yii/framework/web/CWebApplication.php(282): CController->run('invmgmt')
#2 /var/www/yii/framework/web/CWebApplication.php(141): CWebApplication->runController('site/invmgmt')
#3 /var/www/yii/framework/base/CApplication.php(180): CWebApplication->processRequest()
#4 /var/www/amantran/index.php(13): CApplication->run()
#5 {main}
REQUEST_URI=/amantran/index.php?r=site/invmgmt
HTTP_REFERER=http://localhost/amantran/index.php?r=site/index
---
2014/02/12 13:33:01 [error] [exception.CHttpException.404] exception 'CHttpException' with message 'The system is unable to find the requested action "invmgmt".' in /var/www/yii/framework/web/CController.php:483
Stack trace:
#0 /var/www/yii/framework/web/CController.php(270): CController->missingAction('invmgmt')
#1 /var/www/yii/framework/web/CWebApplication.php(282): CController->run('invmgmt')
#2 /var/www/yii/framework/web/CWebApplication.php(141): CWebApplication->runController('site/invmgmt')
#3 /var/www/yii/framework/base/CApplication.php(180): CWebApplication->processRequest()
#4 /var/www/amantran/index.php(13): CApplication->run()
#5 {main}
REQUEST_URI=/amantran/index.php?r=site/invmgmt
HTTP_REFERER=http://localhost/amantran/index.php?r=site/invmgmt
---
2014/02/12 13:33:02 [error] [exception.CHttpException.404] exception 'CHttpException' with message 'The system is unable to find the requested action "invmgmt".' in /var/www/yii/framework/web/CController.php:483
Stack trace:
#0 /var/www/yii/framework/web/CController.php(270): CController->missingAction('invmgmt')
#1 /var/www/yii/framework/web/CWebApplication.php(282): CController->run('invmgmt')
#2 /var/www/yii/framework/web/CWebApplication.php(141): CWebApplication->runController('site/invmgmt')
#3 /var/www/yii/framework/base/CApplication.php(180): CWebApplication->processRequest()
#4 /var/www/amantran/index.php(13): CApplication->run()
#5 {main}
REQUEST_URI=/amantran/index.php?r=site/invmgmt
HTTP_REFERER=http://localhost/amantran/index.php?r=site/invmgmt
---
2014/02/12 13:33:07 [error] [exception.CHttpException.404] exception 'CHttpException' with message 'The system is unable to find the requested action "invmgmt".' in /var/www/yii/framework/web/CController.php:483
Stack trace:
#0 /var/www/yii/framework/web/CController.php(270): CController->missingAction('invmgmt')
#1 /var/www/yii/framework/web/CWebApplication.php(282): CController->run('invmgmt')
#2 /var/www/yii/framework/web/CWebApplication.php(141): CWebApplication->runController('site/invmgmt')
#3 /var/www/yii/framework/base/CApplication.php(180): CWebApplication->processRequest()
#4 /var/www/amantran/index.php(13): CApplication->run()
#5 {main}
REQUEST_URI=/amantran/index.php?r=site/invmgmt
HTTP_REFERER=http://localhost/amantran/index.php?r=site/index
---
2014/02/12 13:33:20 [error] [exception.CHttpException.404] exception 'CHttpException' with message 'The system is unable to find the requested action "invmgmt".' in /var/www/yii/framework/web/CController.php:483
Stack trace:
#0 /var/www/yii/framework/web/CController.php(270): CController->missingAction('invmgmt')
#1 /var/www/yii/framework/web/CWebApplication.php(282): CController->run('invmgmt')
#2 /var/www/yii/framework/web/CWebApplication.php(141): CWebApplication->runController('site/invmgmt')
#3 /var/www/yii/framework/base/CApplication.php(180): CWebApplication->processRequest()
#4 /var/www/amantran/index.php(13): CApplication->run()
#5 {main}
REQUEST_URI=/amantran/index.php?r=site/invmgmt
HTTP_REFERER=http://localhost/amantran/index.php?r=site/invmgmt
---
2014/02/12 13:33:28 [error] [exception.CHttpException.404] exception 'CHttpException' with message 'The system is unable to find the requested action "invmgmt".' in /var/www/yii/framework/web/CController.php:483
Stack trace:
#0 /var/www/yii/framework/web/CController.php(270): CController->missingAction('invmgmt')
#1 /var/www/yii/framework/web/CWebApplication.php(282): CController->run('invmgmt')
#2 /var/www/yii/framework/web/CWebApplication.php(141): CWebApplication->runController('site/invmgmt')
#3 /var/www/yii/framework/base/CApplication.php(180): CWebApplication->processRequest()
#4 /var/www/amantran/index.php(13): CApplication->run()
#5 {main}
REQUEST_URI=/amantran/index.php?r=site/invmgmt
HTTP_REFERER=http://localhost/amantran/index.php?r=site/invmgmt
---
2014/02/12 13:33:30 [error] [exception.CHttpException.404] exception 'CHttpException' with message 'Unable to resolve the request "invmgmt/invmgmt/Contact".' in /var/www/yii/framework/web/CWebApplication.php:286
Stack trace:
#0 /var/www/yii/framework/web/CWebApplication.php(141): CWebApplication->runController('invmgmt/invmgmt...')
#1 /var/www/yii/framework/base/CApplication.php(180): CWebApplication->processRequest()
#2 /var/www/amantran/index.php(13): CApplication->run()
#3 {main}
REQUEST_URI=/amantran/index.php?r=invmgmt/invmgmt/Contact
HTTP_REFERER=http://localhost/amantran/index.php?r=invmgmt/contact/admin
---
2014/02/12 13:34:01 [error] [exception.CHttpException.404] exception 'CHttpException' with message 'Unable to resolve the request "invmgmt/invmgmt".' in /var/www/yii/framework/web/CWebApplication.php:286
Stack trace:
#0 /var/www/yii/framework/web/CWebApplication.php(141): CWebApplication->runController('invmgmt/invmgmt')
#1 /var/www/yii/framework/base/CApplication.php(180): CWebApplication->processRequest()
#2 /var/www/amantran/index.php(13): CApplication->run()
#3 {main}
REQUEST_URI=/amantran/index.php?r=invmgmt/invmgmt
HTTP_REFERER=http://localhost/amantran/index.php?r=invmgmt/Contact
---
2014/02/12 14:05:34 [error] [exception.CHttpException.404] exception 'CHttpException' with message 'Unable to resolve the request "invmgmt/invmgmt".' in /var/www/yii/framework/web/CWebApplication.php:286
Stack trace:
#0 /var/www/yii/framework/web/CWebApplication.php(141): CWebApplication->runController('invmgmt/invmgmt')
#1 /var/www/yii/framework/base/CApplication.php(180): CWebApplication->processRequest()
#2 /var/www/amantran/index.php(13): CApplication->run()
#3 {main}
REQUEST_URI=/amantran/index.php?r=invmgmt/invmgmt
HTTP_REFERER=http://localhost/amantran/index.php?r=invmgmt/contact/index
---
2014/02/12 14:10:36 [error] [exception.CHttpException.404] exception 'CHttpException' with message 'Unable to resolve the request "invmgmt/invmgmt".' in /var/www/yii/framework/web/CWebApplication.php:286
Stack trace:
#0 /var/www/yii/framework/web/CWebApplication.php(141): CWebApplication->runController('invmgmt/invmgmt')
#1 /var/www/yii/framework/base/CApplication.php(180): CWebApplication->processRequest()
#2 /var/www/amantran/index.php(13): CApplication->run()
#3 {main}
REQUEST_URI=/amantran/index.php?r=invmgmt/invmgmt
HTTP_REFERER=http://localhost/amantran/index.php?r=invmgmt/contact/admin
---
2014/02/12 14:24:01 [error] [exception.CHttpException.404] exception 'CHttpException' with message 'Unable to resolve the request "invmgmt/invmgmt".' in /var/www/yii/framework/web/CWebApplication.php:286
Stack trace:
#0 /var/www/yii/framework/web/CWebApplication.php(141): CWebApplication->runController('invmgmt/invmgmt')
#1 /var/www/yii/framework/base/CApplication.php(180): CWebApplication->processRequest()
#2 /var/www/amantran/index.php(13): CApplication->run()
#3 {main}
REQUEST_URI=/amantran/index.php?r=invmgmt/invmgmt
HTTP_REFERER=http://localhost/amantran/index.php?r=invmgmt/contact/admin
---
2014/02/12 14:24:04 [error] [php] Undefined variable: model (/var/www/amantran/protected/modules/invmgmt/views/layouts/invitation.php:56)
Stack trace:
#0 /var/www/yii/framework/web/CController.php(784): DefaultController->renderFile()
#1 /var/www/amantran/protected/modules/invmgmt/controllers/DefaultController.php(7): DefaultController->render()
#2 /var/www/yii/framework/web/actions/CInlineAction.php(49): DefaultController->actionIndex()
#3 /var/www/yii/framework/web/CController.php(308): CInlineAction->runWithParams()
#4 /var/www/yii/framework/web/CController.php(286): DefaultController->runAction()
#5 /var/www/yii/framework/web/CController.php(265): DefaultController->runActionWithFilters()
#6 /var/www/yii/framework/web/CWebApplication.php(282): DefaultController->run()
#7 /var/www/yii/framework/web/CWebApplication.php(141): CWebApplication->runController()
#8 /var/www/yii/framework/base/CApplication.php(180): CWebApplication->processRequest()
#9 /var/www/amantran/index.php(13): CWebApplication->run()
REQUEST_URI=/amantran/index.php?r=invmgmt
in /var/www/amantran/protected/modules/invmgmt/views/layouts/invitation.php (56)
in /var/www/amantran/protected/modules/invmgmt/controllers/DefaultController.php (7)
in /var/www/amantran/index.php (13)
2014/02/12 14:24:30 [error] [php] Use of undefined constant Contact - assumed 'Contact' (/var/www/amantran/protected/modules/invmgmt/views/layouts/invitation.php:56)
Stack trace:
#0 /var/www/yii/framework/web/CController.php(784): DefaultController->renderFile()
#1 /var/www/amantran/protected/modules/invmgmt/controllers/DefaultController.php(7): DefaultController->render()
#2 /var/www/yii/framework/web/actions/CInlineAction.php(49): DefaultController->actionIndex()
#3 /var/www/yii/framework/web/CController.php(308): CInlineAction->runWithParams()
#4 /var/www/yii/framework/web/CController.php(286): DefaultController->runAction()
#5 /var/www/yii/framework/web/CController.php(265): DefaultController->runActionWithFilters()
#6 /var/www/yii/framework/web/CWebApplication.php(282): DefaultController->run()
#7 /var/www/yii/framework/web/CWebApplication.php(141): CWebApplication->runController()
#8 /var/www/yii/framework/base/CApplication.php(180): CWebApplication->processRequest()
#9 /var/www/amantran/index.php(13): CWebApplication->run()
REQUEST_URI=/amantran/index.php?r=invmgmt
in /var/www/amantran/protected/modules/invmgmt/views/layouts/invitation.php (56)
in /var/www/amantran/protected/modules/invmgmt/controllers/DefaultController.php (7)
in /var/www/amantran/index.php (13)
2014/02/12 14:24:53 [error] [php] Use of undefined constant Contact - assumed 'Contact' (/var/www/amantran/protected/modules/invmgmt/views/layouts/invitation.php:56)
Stack trace:
#0 /var/www/yii/framework/web/CController.php(784): DefaultController->renderFile()
#1 /var/www/amantran/protected/modules/invmgmt/controllers/DefaultController.php(7): DefaultController->render()
#2 /var/www/yii/framework/web/actions/CInlineAction.php(49): DefaultController->actionIndex()
#3 /var/www/yii/framework/web/CController.php(308): CInlineAction->runWithParams()
#4 /var/www/yii/framework/web/CController.php(286): DefaultController->runAction()
#5 /var/www/yii/framework/web/CController.php(265): DefaultController->runActionWithFilters()
#6 /var/www/yii/framework/web/CWebApplication.php(282): DefaultController->run()
#7 /var/www/yii/framework/web/CWebApplication.php(141): CWebApplication->runController()
#8 /var/www/yii/framework/base/CApplication.php(180): CWebApplication->processRequest()
#9 /var/www/amantran/index.php(13): CWebApplication->run()
REQUEST_URI=/amantran/index.php?r=invmgmt
in /var/www/amantran/protected/modules/invmgmt/views/layouts/invitation.php (56)
in /var/www/amantran/protected/modules/invmgmt/controllers/DefaultController.php (7)
in /var/www/amantran/index.php (13)
2014/02/12 14:29:55 [error] [php] Use of undefined constant Contact - assumed 'Contact' (/var/www/amantran/protected/modules/invmgmt/views/layouts/invitation.php:56)
Stack trace:
#0 /var/www/yii/framework/web/CController.php(784): DefaultController->renderFile()
#1 /var/www/amantran/protected/modules/invmgmt/controllers/DefaultController.php(7): DefaultController->render()
#2 /var/www/yii/framework/web/actions/CInlineAction.php(49): DefaultController->actionIndex()
#3 /var/www/yii/framework/web/CController.php(308): CInlineAction->runWithParams()
#4 /var/www/yii/framework/web/CController.php(286): DefaultController->runAction()
#5 /var/www/yii/framework/web/CController.php(265): DefaultController->runActionWithFilters()
#6 /var/www/yii/framework/web/CWebApplication.php(282): DefaultController->run()
#7 /var/www/yii/framework/web/CWebApplication.php(141): CWebApplication->runController()
#8 /var/www/yii/framework/base/CApplication.php(180): CWebApplication->processRequest()
#9 /var/www/amantran/index.php(13): CWebApplication->run()
REQUEST_URI=/amantran/index.php?r=invmgmt
in /var/www/amantran/protected/modules/invmgmt/views/layouts/invitation.php (56)
in /var/www/amantran/protected/modules/invmgmt/controllers/DefaultController.php (7)
in /var/www/amantran/index.php (13)
2014/02/12 14:30:43 [error] [php] Use of undefined constant Contact - assumed 'Contact' (/var/www/amantran/protected/modules/invmgmt/views/layouts/invitation.php:56)
Stack trace:
#0 /var/www/yii/framework/web/CController.php(784): DefaultController->renderFile()
#1 /var/www/amantran/protected/modules/invmgmt/controllers/DefaultController.php(7): DefaultController->render()
#2 /var/www/yii/framework/web/actions/CInlineAction.php(49): DefaultController->actionIndex()
#3 /var/www/yii/framework/web/CController.php(308): CInlineAction->runWithParams()
#4 /var/www/yii/framework/web/CController.php(286): DefaultController->runAction()
#5 /var/www/yii/framework/web/CController.php(265): DefaultController->runActionWithFilters()
#6 /var/www/yii/framework/web/CWebApplication.php(282): DefaultController->run()
#7 /var/www/yii/framework/web/CWebApplication.php(141): CWebApplication->runController()
#8 /var/www/yii/framework/base/CApplication.php(180): CWebApplication->processRequest()
#9 /var/www/amantran/index.php(13): CWebApplication->run()
REQUEST_URI=/amantran/index.php?r=invmgmt
in /var/www/amantran/protected/modules/invmgmt/views/layouts/invitation.php (56)
in /var/www/amantran/protected/modules/invmgmt/controllers/DefaultController.php (7)
in /var/www/amantran/index.php (13)
2014/02/13 13:12:29 [error] [php] Missing argument 1 for CHtml::textField(), called in /var/www/amantran/protected/modules/invmgmt/views/layouts/invitation.php on line 37 and defined (/var/www/yii/framework/web/helpers/CHtml.php:593)
Stack trace:
#0 /var/www/yii/framework/web/CBaseController.php(95): DefaultController->renderInternal()
#1 /var/www/yii/framework/web/CController.php(784): DefaultController->renderFile()
#2 /var/www/amantran/protected/modules/invmgmt/controllers/DefaultController.php(7): DefaultController->render()
#3 /var/www/yii/framework/web/actions/CInlineAction.php(49): DefaultController->actionIndex()
#4 /var/www/yii/framework/web/CController.php(308): CInlineAction->runWithParams()
#5 /var/www/yii/framework/web/CController.php(286): DefaultController->runAction()
#6 /var/www/yii/framework/web/CController.php(265): DefaultController->runActionWithFilters()
#7 /var/www/yii/framework/web/CWebApplication.php(282): DefaultController->run()
#8 /var/www/yii/framework/web/CWebApplication.php(141): CWebApplication->runController()
#9 /var/www/yii/framework/base/CApplication.php(180): CWebApplication->processRequest()
#10 /var/www/amantran/index.php(13): CWebApplication->run()
REQUEST_URI=/amantran/index.php?r=invmgmt
in /var/www/amantran/protected/modules/invmgmt/views/layouts/invitation.php (37)
in /var/www/amantran/protected/modules/invmgmt/controllers/DefaultController.php (7)
in /var/www/amantran/index.php (13)
2014/02/13 13:12:54 [error] [php] Use of undefined constant name - assumed 'name' (/var/www/amantran/protected/modules/invmgmt/views/layouts/invitation.php:37)
Stack trace:
#0 /var/www/yii/framework/web/CController.php(784): DefaultController->renderFile()
#1 /var/www/amantran/protected/modules/invmgmt/controllers/DefaultController.php(7): DefaultController->render()
#2 /var/www/yii/framework/web/actions/CInlineAction.php(49): DefaultController->actionIndex()
#3 /var/www/yii/framework/web/CController.php(308): CInlineAction->runWithParams()
#4 /var/www/yii/framework/web/CController.php(286): DefaultController->runAction()
#5 /var/www/yii/framework/web/CController.php(265): DefaultController->runActionWithFilters()
#6 /var/www/yii/framework/web/CWebApplication.php(282): DefaultController->run()
#7 /var/www/yii/framework/web/CWebApplication.php(141): CWebApplication->runController()
#8 /var/www/yii/framework/base/CApplication.php(180): CWebApplication->processRequest()
#9 /var/www/amantran/index.php(13): CWebApplication->run()
REQUEST_URI=/amantran/index.php?r=invmgmt
in /var/www/amantran/protected/modules/invmgmt/views/layouts/invitation.php (37)
in /var/www/amantran/protected/modules/invmgmt/controllers/DefaultController.php (7)
in /var/www/amantran/index.php (13)
2014/02/13 13:13:13 [error] [php] Use of undefined constant Contact - assumed 'Contact' (/var/www/amantran/protected/modules/invmgmt/views/layouts/invitation.php:58)
Stack trace:
#0 /var/www/yii/framework/web/CController.php(784): DefaultController->renderFile()
#1 /var/www/amantran/protected/modules/invmgmt/controllers/DefaultController.php(7): DefaultController->render()
#2 /var/www/yii/framework/web/actions/CInlineAction.php(49): DefaultController->actionIndex()
#3 /var/www/yii/framework/web/CController.php(308): CInlineAction->runWithParams()
#4 /var/www/yii/framework/web/CController.php(286): DefaultController->runAction()
#5 /var/www/yii/framework/web/CController.php(265): DefaultController->runActionWithFilters()
#6 /var/www/yii/framework/web/CWebApplication.php(282): DefaultController->run()
#7 /var/www/yii/framework/web/CWebApplication.php(141): CWebApplication->runController()
#8 /var/www/yii/framework/base/CApplication.php(180): CWebApplication->processRequest()
#9 /var/www/amantran/index.php(13): CWebApplication->run()
REQUEST_URI=/amantran/index.php?r=invmgmt
in /var/www/amantran/protected/modules/invmgmt/views/layouts/invitation.php (58)
in /var/www/amantran/protected/modules/invmgmt/controllers/DefaultController.php (7)
in /var/www/amantran/index.php (13)
2014/02/13 13:13:50 [error] [php] Missing argument 1 for CHtml::dropDownList(), called in /var/www/amantran/protected/modules/invmgmt/views/layouts/invitation.php on line 38 and defined (/var/www/yii/framework/web/helpers/CHtml.php:915)
Stack trace:
#0 /var/www/yii/framework/web/CBaseController.php(95): DefaultController->renderInternal()
#1 /var/www/yii/framework/web/CController.php(784): DefaultController->renderFile()
#2 /var/www/amantran/protected/modules/invmgmt/controllers/DefaultController.php(7): DefaultController->render()
#3 /var/www/yii/framework/web/actions/CInlineAction.php(49): DefaultController->actionIndex()
#4 /var/www/yii/framework/web/CController.php(308): CInlineAction->runWithParams()
#5 /var/www/yii/framework/web/CController.php(286): DefaultController->runAction()
#6 /var/www/yii/framework/web/CController.php(265): DefaultController->runActionWithFilters()
#7 /var/www/yii/framework/web/CWebApplication.php(282): DefaultController->run()
#8 /var/www/yii/framework/web/CWebApplication.php(141): CWebApplication->runController()
#9 /var/www/yii/framework/base/CApplication.php(180): CWebApplication->processRequest()
#10 /var/www/amantran/index.php(13): CWebApplication->run()
REQUEST_URI=/amantran/index.php?r=invmgmt
in /var/www/amantran/protected/modules/invmgmt/views/layouts/invitation.php (38)
in /var/www/amantran/protected/modules/invmgmt/controllers/DefaultController.php (7)
in /var/www/amantran/index.php (13)
2014/02/13 13:16:36 [error] [php] Undefined variable: name (/var/www/amantran/protected/modules/invmgmt/views/layouts/invitation.php:39)
Stack trace:
#0 /var/www/yii/framework/web/CController.php(784): DefaultController->renderFile()
#1 /var/www/amantran/protected/modules/invmgmt/controllers/DefaultController.php(7): DefaultController->render()
#2 /var/www/yii/framework/web/actions/CInlineAction.php(49): DefaultController->actionIndex()
#3 /var/www/yii/framework/web/CController.php(308): CInlineAction->runWithParams()
#4 /var/www/yii/framework/web/CController.php(286): DefaultController->runAction()
#5 /var/www/yii/framework/web/CController.php(265): DefaultController->runActionWithFilters()
#6 /var/www/yii/framework/web/CWebApplication.php(282): DefaultController->run()
#7 /var/www/yii/framework/web/CWebApplication.php(141): CWebApplication->runController()
#8 /var/www/yii/framework/base/CApplication.php(180): CWebApplication->processRequest()
#9 /var/www/amantran/index.php(13): CWebApplication->run()
REQUEST_URI=/amantran/index.php?r=invmgmt
in /var/www/amantran/protected/modules/invmgmt/views/layouts/invitation.php (39)
in /var/www/amantran/protected/modules/invmgmt/controllers/DefaultController.php (7)
in /var/www/amantran/index.php (13)
2014/02/13 13:17:34 [error] [php] Missing argument 1 for CHtml::dropDownList(), called in /var/www/amantran/protected/modules/invmgmt/views/layouts/invitation.php on line 38 and defined (/var/www/yii/framework/web/helpers/CHtml.php:915)
Stack trace:
#0 /var/www/yii/framework/web/CBaseController.php(95): DefaultController->renderInternal()
#1 /var/www/yii/framework/web/CController.php(784): DefaultController->renderFile()
#2 /var/www/amantran/protected/modules/invmgmt/controllers/DefaultController.php(7): DefaultController->render()
#3 /var/www/yii/framework/web/actions/CInlineAction.php(49): DefaultController->actionIndex()
#4 /var/www/yii/framework/web/CController.php(308): CInlineAction->runWithParams()
#5 /var/www/yii/framework/web/CController.php(286): DefaultController->runAction()
#6 /var/www/yii/framework/web/CController.php(265): DefaultController->runActionWithFilters()
#7 /var/www/yii/framework/web/CWebApplication.php(282): DefaultController->run()
#8 /var/www/yii/framework/web/CWebApplication.php(141): CWebApplication->runController()
#9 /var/www/yii/framework/base/CApplication.php(180): CWebApplication->processRequest()
#10 /var/www/amantran/index.php(13): CWebApplication->run()
REQUEST_URI=/amantran/index.php?r=invmgmt
in /var/www/amantran/protected/modules/invmgmt/views/layouts/invitation.php (38)
in /var/www/amantran/protected/modules/invmgmt/controllers/DefaultController.php (7)
in /var/www/amantran/index.php (13)
2014/02/13 13:20:01 [error] [php] Undefined variable: name (/var/www/amantran/protected/modules/invmgmt/views/layouts/invitation.php:37)
Stack trace:
#0 /var/www/yii/framework/web/CController.php(784): DefaultController->renderFile()
#1 /var/www/amantran/protected/modules/invmgmt/controllers/DefaultController.php(7): DefaultController->render()
#2 /var/www/yii/framework/web/actions/CInlineAction.php(49): DefaultController->actionIndex()
#3 /var/www/yii/framework/web/CController.php(308): CInlineAction->runWithParams()
#4 /var/www/yii/framework/web/CController.php(286): DefaultController->runAction()
#5 /var/www/yii/framework/web/CController.php(265): DefaultController->runActionWithFilters()
#6 /var/www/yii/framework/web/CWebApplication.php(282): DefaultController->run()
#7 /var/www/yii/framework/web/CWebApplication.php(141): CWebApplication->runController()
#8 /var/www/yii/framework/base/CApplication.php(180): CWebApplication->processRequest()
#9 /var/www/amantran/index.php(13): CWebApplication->run()
REQUEST_URI=/amantran/index.php?r=invmgmt
in /var/www/amantran/protected/modules/invmgmt/views/layouts/invitation.php (37)
in /var/www/amantran/protected/modules/invmgmt/controllers/DefaultController.php (7)
in /var/www/amantran/index.php (13)
2014/02/13 13:20:49 [error] [php] Use of undefined constant Contact - assumed 'Contact' (/var/www/amantran/protected/modules/invmgmt/views/layouts/invitation.php:61)
Stack trace:
#0 /var/www/yii/framework/web/CController.php(784): DefaultController->renderFile()
#1 /var/www/amantran/protected/modules/invmgmt/controllers/DefaultController.php(7): DefaultController->render()
#2 /var/www/yii/framework/web/actions/CInlineAction.php(49): DefaultController->actionIndex()
#3 /var/www/yii/framework/web/CController.php(308): CInlineAction->runWithParams()
#4 /var/www/yii/framework/web/CController.php(286): DefaultController->runAction()
#5 /var/www/yii/framework/web/CController.php(265): DefaultController->runActionWithFilters()
#6 /var/www/yii/framework/web/CWebApplication.php(282): DefaultController->run()
#7 /var/www/yii/framework/web/CWebApplication.php(141): CWebApplication->runController()
#8 /var/www/yii/framework/base/CApplication.php(180): CWebApplication->processRequest()
#9 /var/www/amantran/index.php(13): CWebApplication->run()
REQUEST_URI=/amantran/index.php?r=invmgmt
in /var/www/amantran/protected/modules/invmgmt/views/layouts/invitation.php (61)
in /var/www/amantran/protected/modules/invmgmt/controllers/DefaultController.php (7)
in /var/www/amantran/index.php (13)
2014/02/13 13:21:49 [error] [php] Missing argument 2 for CHtml::dropDownList(), called in /var/www/amantran/protected/modules/invmgmt/views/layouts/invitation.php on line 39 and defined (/var/www/yii/framework/web/helpers/CHtml.php:915)
Stack trace:
#0 /var/www/yii/framework/web/CBaseController.php(95): DefaultController->renderInternal()
#1 /var/www/yii/framework/web/CController.php(784): DefaultController->renderFile()
#2 /var/www/amantran/protected/modules/invmgmt/controllers/DefaultController.php(7): DefaultController->render()
#3 /var/www/yii/framework/web/actions/CInlineAction.php(49): DefaultController->actionIndex()
#4 /var/www/yii/framework/web/CController.php(308): CInlineAction->runWithParams()
#5 /var/www/yii/framework/web/CController.php(286): DefaultController->runAction()
#6 /var/www/yii/framework/web/CController.php(265): DefaultController->runActionWithFilters()
#7 /var/www/yii/framework/web/CWebApplication.php(282): DefaultController->run()
#8 /var/www/yii/framework/web/CWebApplication.php(141): CWebApplication->runController()
#9 /var/www/yii/framework/base/CApplication.php(180): CWebApplication->processRequest()
#10 /var/www/amantran/index.php(13): CWebApplication->run()
REQUEST_URI=/amantran/index.php?r=invmgmt
in /var/www/amantran/protected/modules/invmgmt/views/layouts/invitation.php (39)
in /var/www/amantran/protected/modules/invmgmt/controllers/DefaultController.php (7)
in /var/www/amantran/index.php (13)
2014/02/13 13:22:04 [error] [php] Undefined variable: value (/var/www/amantran/protected/modules/invmgmt/views/layouts/invitation.php:40)
Stack trace:
#0 /var/www/yii/framework/web/CController.php(784): DefaultController->renderFile()
#1 /var/www/amantran/protected/modules/invmgmt/controllers/DefaultController.php(7): DefaultController->render()
#2 /var/www/yii/framework/web/actions/CInlineAction.php(49): DefaultController->actionIndex()
#3 /var/www/yii/framework/web/CController.php(308): CInlineAction->runWithParams()
#4 /var/www/yii/framework/web/CController.php(286): DefaultController->runAction()
#5 /var/www/yii/framework/web/CController.php(265): DefaultController->runActionWithFilters()
#6 /var/www/yii/framework/web/CWebApplication.php(282): DefaultController->run()
#7 /var/www/yii/framework/web/CWebApplication.php(141): CWebApplication->runController()
#8 /var/www/yii/framework/base/CApplication.php(180): CWebApplication->processRequest()
#9 /var/www/amantran/index.php(13): CWebApplication->run()
REQUEST_URI=/amantran/index.php?r=invmgmt
in /var/www/amantran/protected/modules/invmgmt/views/layouts/invitation.php (40)
in /var/www/amantran/protected/modules/invmgmt/controllers/DefaultController.php (7)
in /var/www/amantran/index.php (13)
2014/02/13 13:22:22 [error] [php] Use of undefined constant ’submit’ - assumed '’submit’' (/var/www/amantran/protected/modules/invmgmt/views/layouts/invitation.php:40)
Stack trace:
#0 /var/www/yii/framework/web/CController.php(784): DefaultController->renderFile()
#1 /var/www/amantran/protected/modules/invmgmt/controllers/DefaultController.php(7): DefaultController->render()
#2 /var/www/yii/framework/web/actions/CInlineAction.php(49): DefaultController->actionIndex()
#3 /var/www/yii/framework/web/CController.php(308): CInlineAction->runWithParams()
#4 /var/www/yii/framework/web/CController.php(286): DefaultController->runAction()
#5 /var/www/yii/framework/web/CController.php(265): DefaultController->runActionWithFilters()
#6 /var/www/yii/framework/web/CWebApplication.php(282): DefaultController->run()
#7 /var/www/yii/framework/web/CWebApplication.php(141): CWebApplication->runController()
#8 /var/www/yii/framework/base/CApplication.php(180): CWebApplication->processRequest()
#9 /var/www/amantran/index.php(13): CWebApplication->run()
REQUEST_URI=/amantran/index.php?r=invmgmt
in /var/www/amantran/protected/modules/invmgmt/views/layouts/invitation.php (40)
in /var/www/amantran/protected/modules/invmgmt/controllers/DefaultController.php (7)
in /var/www/amantran/index.php (13)
2014/02/13 13:31:49 [error] [php] Use of undefined constant Contact - assumed 'Contact' (/var/www/amantran/protected/modules/invmgmt/views/layouts/invitation.php:38)
Stack trace:
#0 /var/www/yii/framework/web/CController.php(784): DefaultController->renderFile()
#1 /var/www/amantran/protected/modules/invmgmt/controllers/DefaultController.php(7): DefaultController->render()
#2 /var/www/yii/framework/web/actions/CInlineAction.php(49): DefaultController->actionIndex()
#3 /var/www/yii/framework/web/CController.php(308): CInlineAction->runWithParams()
#4 /var/www/yii/framework/web/CController.php(286): DefaultController->runAction()
#5 /var/www/yii/framework/web/CController.php(265): DefaultController->runActionWithFilters()
#6 /var/www/yii/framework/web/CWebApplication.php(282): DefaultController->run()
#7 /var/www/yii/framework/web/CWebApplication.php(141): CWebApplication->runController()
#8 /var/www/yii/framework/base/CApplication.php(180): CWebApplication->processRequest()
#9 /var/www/amantran/index.php(13): CWebApplication->run()
REQUEST_URI=/amantran/index.php?r=invmgmt
in /var/www/amantran/protected/modules/invmgmt/views/layouts/invitation.php (38)
in /var/www/amantran/protected/modules/invmgmt/controllers/DefaultController.php (7)
in /var/www/amantran/index.php (13)
2014/02/13 13:32:07 [error] [php] Undefined variable: Contact (/var/www/amantran/protected/modules/invmgmt/views/layouts/invitation.php:38)
Stack trace:
#0 /var/www/yii/framework/web/CController.php(784): DefaultController->renderFile()
#1 /var/www/amantran/protected/modules/invmgmt/controllers/DefaultController.php(7): DefaultController->render()
#2 /var/www/yii/framework/web/actions/CInlineAction.php(49): DefaultController->actionIndex()
#3 /var/www/yii/framework/web/CController.php(308): CInlineAction->runWithParams()
#4 /var/www/yii/framework/web/CController.php(286): DefaultController->runAction()
#5 /var/www/yii/framework/web/CController.php(265): DefaultController->runActionWithFilters()
#6 /var/www/yii/framework/web/CWebApplication.php(282): DefaultController->run()
#7 /var/www/yii/framework/web/CWebApplication.php(141): CWebApplication->runController()
#8 /var/www/yii/framework/base/CApplication.php(180): CWebApplication->processRequest()
#9 /var/www/amantran/index.php(13): CWebApplication->run()
REQUEST_URI=/amantran/index.php?r=invmgmt
in /var/www/amantran/protected/modules/invmgmt/views/layouts/invitation.php (38)
in /var/www/amantran/protected/modules/invmgmt/controllers/DefaultController.php (7)
in /var/www/amantran/index.php (13)
2014/02/13 13:43:58 [error] [php] include(Forms.php): failed to open stream: No such file or directory (/var/www/yii/framework/YiiBase.php:427)
Stack trace:
#0 /var/www/amantran/protected/modules/invmgmt/views/layouts/invitation.php(41): spl_autoload_call()
#1 /var/www/yii/framework/web/CBaseController.php(126): require()
#2 /var/www/yii/framework/web/CBaseController.php(95): DefaultController->renderInternal()
#3 /var/www/yii/framework/web/CController.php(784): DefaultController->renderFile()
#4 /var/www/amantran/protected/modules/invmgmt/controllers/DefaultController.php(7): DefaultController->render()
#5 /var/www/yii/framework/web/actions/CInlineAction.php(49): DefaultController->actionIndex()
#6 /var/www/yii/framework/web/CController.php(308): CInlineAction->runWithParams()
#7 /var/www/yii/framework/web/CController.php(286): DefaultController->runAction()
#8 /var/www/yii/framework/web/CController.php(265): DefaultController->runActionWithFilters()
#9 /var/www/yii/framework/web/CWebApplication.php(282): DefaultController->run()
#10 /var/www/yii/framework/web/CWebApplication.php(141): CWebApplication->runController()
#11 /var/www/yii/framework/base/CApplication.php(180): CWebApplication->processRequest()
#12 /var/www/amantran/index.php(13): CWebApplication->run()
REQUEST_URI=/amantran/index.php?r=invmgmt
in /var/www/amantran/protected/modules/invmgmt/views/layouts/invitation.php (41)
in /var/www/amantran/protected/modules/invmgmt/controllers/DefaultController.php (7)
in /var/www/amantran/index.php (13)
2014/02/13 13:45:09 [error] [php] include(Forms.php): failed to open stream: No such file or directory (/var/www/yii/framework/YiiBase.php:427)
Stack trace:
#0 /var/www/amantran/protected/modules/invmgmt/views/layouts/invitation.php(41): spl_autoload_call()
#1 /var/www/yii/framework/web/CBaseController.php(126): require()
#2 /var/www/yii/framework/web/CBaseController.php(95): DefaultController->renderInternal()
#3 /var/www/yii/framework/web/CController.php(784): DefaultController->renderFile()
#4 /var/www/amantran/protected/modules/invmgmt/controllers/DefaultController.php(7): DefaultController->render()
#5 /var/www/yii/framework/web/actions/CInlineAction.php(49): DefaultController->actionIndex()
#6 /var/www/yii/framework/web/CController.php(308): CInlineAction->runWithParams()
#7 /var/www/yii/framework/web/CController.php(286): DefaultController->runAction()
#8 /var/www/yii/framework/web/CController.php(265): DefaultController->runActionWithFilters()
#9 /var/www/yii/framework/web/CWebApplication.php(282): DefaultController->run()
#10 /var/www/yii/framework/web/CWebApplication.php(141): CWebApplication->runController()
#11 /var/www/yii/framework/base/CApplication.php(180): CWebApplication->processRequest()
#12 /var/www/amantran/index.php(13): CWebApplication->run()
REQUEST_URI=/amantran/index.php?r=invmgmt
in /var/www/amantran/protected/modules/invmgmt/views/layouts/invitation.php (41)
in /var/www/amantran/protected/modules/invmgmt/controllers/DefaultController.php (7)
in /var/www/amantran/index.php (13)
2014/02/13 13:45:10 [error] [php] include(Forms.php): failed to open stream: No such file or directory (/var/www/yii/framework/YiiBase.php:427)
Stack trace:
#0 /var/www/amantran/protected/modules/invmgmt/views/layouts/invitation.php(41): spl_autoload_call()
#1 /var/www/yii/framework/web/CBaseController.php(126): require()
#2 /var/www/yii/framework/web/CBaseController.php(95): DefaultController->renderInternal()
#3 /var/www/yii/framework/web/CController.php(784): DefaultController->renderFile()
#4 /var/www/amantran/protected/modules/invmgmt/controllers/DefaultController.php(7): DefaultController->render()
#5 /var/www/yii/framework/web/actions/CInlineAction.php(49): DefaultController->actionIndex()
#6 /var/www/yii/framework/web/CController.php(308): CInlineAction->runWithParams()
#7 /var/www/yii/framework/web/CController.php(286): DefaultController->runAction()
#8 /var/www/yii/framework/web/CController.php(265): DefaultController->runActionWithFilters()
#9 /var/www/yii/framework/web/CWebApplication.php(282): DefaultController->run()
#10 /var/www/yii/framework/web/CWebApplication.php(141): CWebApplication->runController()
#11 /var/www/yii/framework/base/CApplication.php(180): CWebApplication->processRequest()
#12 /var/www/amantran/index.php(13): CWebApplication->run()
REQUEST_URI=/amantran/index.php?r=invmgmt
in /var/www/amantran/protected/modules/invmgmt/views/layouts/invitation.php (41)
in /var/www/amantran/protected/modules/invmgmt/controllers/DefaultController.php (7)
in /var/www/amantran/index.php (13)
2014/02/13 13:54:12 [error] [php] Undefined variable: form (/var/www/amantran/protected/modules/invmgmt/views/layouts/invitation.php:40)
Stack trace:
#0 /var/www/yii/framework/web/CController.php(784): DefaultController->renderFile()
#1 /var/www/amantran/protected/modules/invmgmt/controllers/DefaultController.php(7): DefaultController->render()
#2 /var/www/yii/framework/web/actions/CInlineAction.php(49): DefaultController->actionIndex()
#3 /var/www/yii/framework/web/CController.php(308): CInlineAction->runWithParams()
#4 /var/www/yii/framework/web/CController.php(286): DefaultController->runAction()
#5 /var/www/yii/framework/web/CController.php(265): DefaultController->runActionWithFilters()
#6 /var/www/yii/framework/web/CWebApplication.php(282): DefaultController->run()
#7 /var/www/yii/framework/web/CWebApplication.php(141): CWebApplication->runController()
#8 /var/www/yii/framework/base/CApplication.php(180): CWebApplication->processRequest()
#9 /var/www/amantran/index.php(13): CWebApplication->run()
REQUEST_URI=/amantran/index.php?r=invmgmt
in /var/www/amantran/protected/modules/invmgmt/views/layouts/invitation.php (40)
in /var/www/amantran/protected/modules/invmgmt/controllers/DefaultController.php (7)
in /var/www/amantran/index.php (13)
2014/02/13 15:00:09 [error] [php] Undefined variable: model (/var/www/amantran/protected/modules/invmgmt/views/layouts/invitation.php:25)
Stack trace:
#0 /var/www/yii/framework/web/CController.php(784): DefaultController->renderFile()
#1 /var/www/amantran/protected/modules/invmgmt/controllers/DefaultController.php(7): DefaultController->render()
#2 /var/www/yii/framework/web/actions/CInlineAction.php(49): DefaultController->actionIndex()
#3 /var/www/yii/framework/web/CController.php(308): CInlineAction->runWithParams()
#4 /var/www/yii/framework/web/CController.php(286): DefaultController->runAction()
#5 /var/www/yii/framework/web/CController.php(265): DefaultController->runActionWithFilters()
#6 /var/www/yii/framework/web/CWebApplication.php(282): DefaultController->run()
#7 /var/www/yii/framework/web/CWebApplication.php(141): CWebApplication->runController()
#8 /var/www/yii/framework/base/CApplication.php(180): CWebApplication->processRequest()
#9 /var/www/amantran/index.php(13): CWebApplication->run()
REQUEST_URI=/amantran/index.php?r=invmgmt
in /var/www/amantran/protected/modules/invmgmt/views/layouts/invitation.php (25)
in /var/www/amantran/protected/modules/invmgmt/controllers/DefaultController.php (7)
in /var/www/amantran/index.php (13)
2014/02/13 15:02:50 [error] [php] Undefined variable: model (/var/www/amantran/protected/modules/invmgmt/views/layouts/invitation.php:25)
Stack trace:
#0 /var/www/yii/framework/web/CController.php(784): DefaultController->renderFile()
#1 /var/www/amantran/protected/modules/invmgmt/controllers/DefaultController.php(7): DefaultController->render()
#2 /var/www/yii/framework/web/actions/CInlineAction.php(49): DefaultController->actionIndex()
#3 /var/www/yii/framework/web/CController.php(308): CInlineAction->runWithParams()
#4 /var/www/yii/framework/web/CController.php(286): DefaultController->runAction()
#5 /var/www/yii/framework/web/CController.php(265): DefaultController->runActionWithFilters()
#6 /var/www/yii/framework/web/CWebApplication.php(282): DefaultController->run()
#7 /var/www/yii/framework/web/CWebApplication.php(141): CWebApplication->runController()
#8 /var/www/yii/framework/base/CApplication.php(180): CWebApplication->processRequest()
#9 /var/www/amantran/index.php(13): CWebApplication->run()
REQUEST_URI=/amantran/index.php?r=invmgmt
in /var/www/amantran/protected/modules/invmgmt/views/layouts/invitation.php (25)
in /var/www/amantran/protected/modules/invmgmt/controllers/DefaultController.php (7)
in /var/www/amantran/index.php (13)
2014/02/13 17:06:15 [error] [php] Undefined variable: model (/var/www/amantran/protected/modules/invmgmt/views/layouts/invitation.php:25)
Stack trace:
#0 /var/www/yii/framework/web/CController.php(784): DefaultController->renderFile()
#1 /var/www/amantran/protected/modules/invmgmt/controllers/DefaultController.php(7): DefaultController->render()
#2 /var/www/yii/framework/web/actions/CInlineAction.php(49): DefaultController->actionIndex()
#3 /var/www/yii/framework/web/CController.php(308): CInlineAction->runWithParams()
#4 /var/www/yii/framework/web/CController.php(286): DefaultController->runAction()
#5 /var/www/yii/framework/web/CController.php(265): DefaultController->runActionWithFilters()
#6 /var/www/yii/framework/web/CWebApplication.php(282): DefaultController->run()
#7 /var/www/yii/framework/web/CWebApplication.php(141): CWebApplication->runController()
#8 /var/www/yii/framework/base/CApplication.php(180): CWebApplication->processRequest()
#9 /var/www/amantran/index.php(13): CWebApplication->run()
REQUEST_URI=/amantran/index.php?r=invmgmt
in /var/www/amantran/protected/modules/invmgmt/views/layouts/invitation.php (25)
in /var/www/amantran/protected/modules/invmgmt/controllers/DefaultController.php (7)
in /var/www/amantran/index.php (13)
2014/02/14 16:40:37 [error] [php] Undefined variable: model (/var/www/amantran/protected/modules/invmgmt/views/layouts/invitation.php:25)
Stack trace:
#0 /var/www/yii/framework/web/CController.php(784): DefaultController->renderFile()
#1 /var/www/amantran/protected/modules/invmgmt/controllers/DefaultController.php(7): DefaultController->render()
#2 /var/www/yii/framework/web/actions/CInlineAction.php(49): DefaultController->actionIndex()
#3 /var/www/yii/framework/web/CController.php(308): CInlineAction->runWithParams()
#4 /var/www/yii/framework/web/CController.php(286): DefaultController->runAction()
#5 /var/www/yii/framework/web/CController.php(265): DefaultController->runActionWithFilters()
#6 /var/www/yii/framework/web/CWebApplication.php(282): DefaultController->run()
#7 /var/www/yii/framework/web/CWebApplication.php(141): CWebApplication->runController()
#8 /var/www/yii/framework/base/CApplication.php(180): CWebApplication->processRequest()
#9 /var/www/amantran/index.php(13): CWebApplication->run()
REQUEST_URI=/amantran/index.php?r=invmgmt
in /var/www/amantran/protected/modules/invmgmt/views/layouts/invitation.php (25)
in /var/www/amantran/protected/modules/invmgmt/controllers/DefaultController.php (7)
in /var/www/amantran/index.php (13)
2014/02/18 15:34:25 [error] [php] Undefined variable: model (/var/www/amantran/protected/modules/invmgmt/views/layouts/invitation.php:25)
Stack trace:
#0 /var/www/yii/framework/web/CController.php(784): DefaultController->renderFile()
#1 /var/www/amantran/protected/modules/invmgmt/controllers/DefaultController.php(7): DefaultController->render()
#2 /var/www/yii/framework/web/actions/CInlineAction.php(49): DefaultController->actionIndex()
#3 /var/www/yii/framework/web/CController.php(308): CInlineAction->runWithParams()
#4 /var/www/yii/framework/web/CController.php(286): DefaultController->runAction()
#5 /var/www/yii/framework/web/CController.php(265): DefaultController->runActionWithFilters()
#6 /var/www/yii/framework/web/CWebApplication.php(282): DefaultController->run()
#7 /var/www/yii/framework/web/CWebApplication.php(141): CWebApplication->runController()
#8 /var/www/yii/framework/base/CApplication.php(180): CWebApplication->processRequest()
#9 /var/www/amantran/index.php(13): CWebApplication->run()
REQUEST_URI=/amantran/index.php?r=invmgmt
in /var/www/amantran/protected/modules/invmgmt/views/layouts/invitation.php (25)
in /var/www/amantran/protected/modules/invmgmt/controllers/DefaultController.php (7)
in /var/www/amantran/index.php (13)
2014/02/18 15:36:34 [error] [php] Undefined variable: model (/var/www/amantran/protected/modules/invmgmt/views/layouts/invitation.php:25)
Stack trace:
#0 /var/www/yii/framework/web/CController.php(784): DefaultController->renderFile()
#1 /var/www/amantran/protected/modules/invmgmt/controllers/DefaultController.php(7): DefaultController->render()
#2 /var/www/yii/framework/web/actions/CInlineAction.php(49): DefaultController->actionIndex()
#3 /var/www/yii/framework/web/CController.php(308): CInlineAction->runWithParams()
#4 /var/www/yii/framework/web/CController.php(286): DefaultController->runAction()
#5 /var/www/yii/framework/web/CController.php(265): DefaultController->runActionWithFilters()
#6 /var/www/yii/framework/web/CWebApplication.php(282): DefaultController->run()
#7 /var/www/yii/framework/web/CWebApplication.php(141): CWebApplication->runController()
#8 /var/www/yii/framework/base/CApplication.php(180): CWebApplication->processRequest()
#9 /var/www/amantran/index.php(13): CWebApplication->run()
REQUEST_URI=/amantran/index.php?r=invmgmt
in /var/www/amantran/protected/modules/invmgmt/views/layouts/invitation.php (25)
in /var/www/amantran/protected/modules/invmgmt/controllers/DefaultController.php (7)
in /var/www/amantran/index.php (13)
2014/02/18 15:36:38 [error] [php] Undefined variable: model (/var/www/amantran/protected/modules/invmgmt/views/layouts/invitation.php:25)
Stack trace:
#0 /var/www/yii/framework/web/CController.php(784): DefaultController->renderFile()
#1 /var/www/amantran/protected/modules/invmgmt/controllers/DefaultController.php(7): DefaultController->render()
#2 /var/www/yii/framework/web/actions/CInlineAction.php(49): DefaultController->actionIndex()
#3 /var/www/yii/framework/web/CController.php(308): CInlineAction->runWithParams()
#4 /var/www/yii/framework/web/CController.php(286): DefaultController->runAction()
#5 /var/www/yii/framework/web/CController.php(265): DefaultController->runActionWithFilters()
#6 /var/www/yii/framework/web/CWebApplication.php(282): DefaultController->run()
#7 /var/www/yii/framework/web/CWebApplication.php(141): CWebApplication->runController()
#8 /var/www/yii/framework/base/CApplication.php(180): CWebApplication->processRequest()
#9 /var/www/amantran/index.php(13): CWebApplication->run()
REQUEST_URI=/amantran/index.php?r=invmgmt
in /var/www/amantran/protected/modules/invmgmt/views/layouts/invitation.php (25)
in /var/www/amantran/protected/modules/invmgmt/controllers/DefaultController.php (7)
in /var/www/amantran/index.php (13)
2014/02/18 15:38:14 [error] [php] Undefined variable: model (/var/www/amantran/protected/modules/invmgmt/views/layouts/invitation.php:25)
Stack trace:
#0 /var/www/yii/framework/web/CController.php(784): DefaultController->renderFile()
#1 /var/www/amantran/protected/modules/invmgmt/controllers/DefaultController.php(7): DefaultController->render()
#2 /var/www/yii/framework/web/actions/CInlineAction.php(49): DefaultController->actionIndex()
#3 /var/www/yii/framework/web/CController.php(308): CInlineAction->runWithParams()
#4 /var/www/yii/framework/web/CController.php(286): DefaultController->runAction()
#5 /var/www/yii/framework/web/CController.php(265): DefaultController->runActionWithFilters()
#6 /var/www/yii/framework/web/CWebApplication.php(282): DefaultController->run()
#7 /var/www/yii/framework/web/CWebApplication.php(141): CWebApplication->runController()
#8 /var/www/yii/framework/base/CApplication.php(180): CWebApplication->processRequest()
#9 /var/www/amantran/index.php(13): CWebApplication->run()
REQUEST_URI=/amantran/index.php?r=invmgmt
in /var/www/amantran/protected/modules/invmgmt/views/layouts/invitation.php (25)
in /var/www/amantran/protected/modules/invmgmt/controllers/DefaultController.php (7)
in /var/www/amantran/index.php (13)
2014/02/18 15:38:17 [error] [php] Undefined variable: model (/var/www/amantran/protected/modules/invmgmt/views/layouts/invitation.php:25)
Stack trace:
#0 /var/www/yii/framework/web/CController.php(784): DefaultController->renderFile()
#1 /var/www/amantran/protected/modules/invmgmt/controllers/DefaultController.php(7): DefaultController->render()
#2 /var/www/yii/framework/web/actions/CInlineAction.php(49): DefaultController->actionIndex()
#3 /var/www/yii/framework/web/CController.php(308): CInlineAction->runWithParams()
#4 /var/www/yii/framework/web/CController.php(286): DefaultController->runAction()
#5 /var/www/yii/framework/web/CController.php(265): DefaultController->runActionWithFilters()
#6 /var/www/yii/framework/web/CWebApplication.php(282): DefaultController->run()
#7 /var/www/yii/framework/web/CWebApplication.php(141): CWebApplication->runController()
#8 /var/www/yii/framework/base/CApplication.php(180): CWebApplication->processRequest()
#9 /var/www/amantran/index.php(13): CWebApplication->run()
REQUEST_URI=/amantran/index.php?r=invmgmt
in /var/www/amantran/protected/modules/invmgmt/views/layouts/invitation.php (25)
in /var/www/amantran/protected/modules/invmgmt/controllers/DefaultController.php (7)
in /var/www/amantran/index.php (13)
2014/02/18 15:41:31 [error] [php] Use of undefined constant ’username’ - assumed '’username’' (/var/www/amantran/protected/modules/invmgmt/views/layouts/invitation.php:32)
Stack trace:
#0 /var/www/yii/framework/web/CController.php(784): DefaultController->renderFile()
#1 /var/www/amantran/protected/modules/invmgmt/controllers/DefaultController.php(7): DefaultController->render()
#2 /var/www/yii/framework/web/actions/CInlineAction.php(49): DefaultController->actionIndex()
#3 /var/www/yii/framework/web/CController.php(308): CInlineAction->runWithParams()
#4 /var/www/yii/framework/web/CController.php(286): DefaultController->runAction()
#5 /var/www/yii/framework/web/CController.php(265): DefaultController->runActionWithFilters()
#6 /var/www/yii/framework/web/CWebApplication.php(282): DefaultController->run()
#7 /var/www/yii/framework/web/CWebApplication.php(141): CWebApplication->runController()
#8 /var/www/yii/framework/base/CApplication.php(180): CWebApplication->processRequest()
#9 /var/www/amantran/index.php(13): CWebApplication->run()
REQUEST_URI=/amantran/index.php?r=invmgmt
in /var/www/amantran/protected/modules/invmgmt/views/layouts/invitation.php (32)
in /var/www/amantran/protected/modules/invmgmt/controllers/DefaultController.php (7)
in /var/www/amantran/index.php (13)
2014/02/18 15:42:29 [error] [php] Undefined variable: model (/var/www/amantran/protected/modules/invmgmt/views/layouts/invitation.php:26)
Stack trace:
#0 /var/www/yii/framework/web/CController.php(784): DefaultController->renderFile()
#1 /var/www/amantran/protected/modules/invmgmt/controllers/DefaultController.php(7): DefaultController->render()
#2 /var/www/yii/framework/web/actions/CInlineAction.php(49): DefaultController->actionIndex()
#3 /var/www/yii/framework/web/CController.php(308): CInlineAction->runWithParams()
#4 /var/www/yii/framework/web/CController.php(286): DefaultController->runAction()
#5 /var/www/yii/framework/web/CController.php(265): DefaultController->runActionWithFilters()
#6 /var/www/yii/framework/web/CWebApplication.php(282): DefaultController->run()
#7 /var/www/yii/framework/web/CWebApplication.php(141): CWebApplication->runController()
#8 /var/www/yii/framework/base/CApplication.php(180): CWebApplication->processRequest()
#9 /var/www/amantran/index.php(13): CWebApplication->run()
REQUEST_URI=/amantran/index.php?r=invmgmt
in /var/www/amantran/protected/modules/invmgmt/views/layouts/invitation.php (26)
in /var/www/amantran/protected/modules/invmgmt/controllers/DefaultController.php (7)
in /var/www/amantran/index.php (13)
2014/02/18 15:57:16 [error] [php] Undefined variable: model (/var/www/amantran/protected/modules/invmgmt/views/layouts/invitation.php:26)
Stack trace:
#0 /var/www/yii/framework/web/CController.php(784): DefaultController->renderFile()
#1 /var/www/amantran/protected/modules/invmgmt/controllers/DefaultController.php(7): DefaultController->render()
#2 /var/www/yii/framework/web/actions/CInlineAction.php(49): DefaultController->actionIndex()
#3 /var/www/yii/framework/web/CController.php(308): CInlineAction->runWithParams()
#4 /var/www/yii/framework/web/CController.php(286): DefaultController->runAction()
#5 /var/www/yii/framework/web/CController.php(265): DefaultController->runActionWithFilters()
#6 /var/www/yii/framework/web/CWebApplication.php(282): DefaultController->run()
#7 /var/www/yii/framework/web/CWebApplication.php(141): CWebApplication->runController()
#8 /var/www/yii/framework/base/CApplication.php(180): CWebApplication->processRequest()
#9 /var/www/amantran/index.php(13): CWebApplication->run()
REQUEST_URI=/amantran/index.php?r=invmgmt
in /var/www/amantran/protected/modules/invmgmt/views/layouts/invitation.php (26)
in /var/www/amantran/protected/modules/invmgmt/controllers/DefaultController.php (7)
in /var/www/amantran/index.php (13)
2014/02/18 16:32:42 [error] [exception.CHttpException.404] exception 'CHttpException' with message 'Unable to resolve the request "invmgmt/invmgmt".' in /var/www/yii/framework/web/CWebApplication.php:286
Stack trace:
#0 /var/www/yii/framework/web/CWebApplication.php(141): CWebApplication->runController('invmgmt/invmgmt')
#1 /var/www/yii/framework/base/CApplication.php(180): CWebApplication->processRequest()
#2 /var/www/amantran/index.php(13): CApplication->run()
#3 {main}
REQUEST_URI=/amantran/index.php?r=invmgmt/invmgmt
HTTP_REFERER=http://localhost/amantran/index.php?r=invmgmt/contact/admin
---
2014/02/18 16:33:57 [error] [exception.CException] exception 'CException' with message 'Property "Contact.select" is not defined.' in /var/www/yii/framework/base/CComponent.php:130
Stack trace:
#0 /var/www/yii/framework/db/ar/CActiveRecord.php(145): CComponent->__get('select')
#1 /var/www/yii/framework/web/helpers/CHtml.php(2529): CActiveRecord->__get('select')
#2 /var/www/yii/framework/web/helpers/CHtml.php(2252): CHtml::resolveValue(Object(Contact), 'select')
#3 /var/www/yii/framework/web/helpers/CHtml.php(1434): CHtml::activeInputField('text', Object(Contact), 'select', Array)
#4 /var/www/yii/framework/zii/widgets/grid/CDataColumn.php(103): CHtml::activeTextField(Object(Contact), 'select', Array)
#5 /var/www/yii/framework/zii/widgets/grid/CGridColumn.php(116): CDataColumn->renderFilterCellContent()
#6 /var/www/yii/framework/zii/widgets/grid/CGridView.php(532): CGridColumn->renderFilterCell()
#7 /var/www/yii/framework/zii/widgets/grid/CGridView.php(510): CGridView->renderFilter()
#8 /var/www/yii/framework/zii/widgets/grid/CGridView.php(480): CGridView->renderTableHeader()
#9 /var/www/yii/framework/zii/widgets/CBaseListView.php(167): CGridView->renderItems()
#10 [internal function]: CBaseListView->renderSection(Array)
#11 /var/www/yii/framework/zii/widgets/CBaseListView.php(150): preg_replace_callback('/{(\w+)}/', Array, '{summary}?{item...')
#12 /var/www/yii/framework/zii/widgets/CBaseListView.php(135): CBaseListView->renderContent()
#13 /var/www/yii/framework/web/CBaseController.php(173): CBaseListView->run()
#14 /var/www/amantran/protected/modules/invmgmt/views/contact/admin.php(61): CBaseController->widget('zii.widgets.gri...', Array)
#15 /var/www/yii/framework/web/CBaseController.php(126): require('/var/www/amantr...')
#16 /var/www/yii/framework/web/CBaseController.php(95): CBaseController->renderInternal('/var/www/amantr...', Array, true)
#17 /var/www/yii/framework/web/CController.php(869): CBaseController->renderFile('/var/www/amantr...', Array, true)
#18 /var/www/yii/framework/web/CController.php(782): CController->renderPartial('admin', Array, true)
#19 /var/www/amantran/protected/modules/invmgmt/controllers/ContactController.php(143): CController->render('admin', Array)
#20 /var/www/yii/framework/web/actions/CInlineAction.php(49): ContactController->actionAdmin()
#21 /var/www/yii/framework/web/CController.php(308): CInlineAction->runWithParams(Array)
#22 /var/www/yii/framework/web/filters/CFilterChain.php(133): CController->runAction(Object(CInlineAction))
#23 /var/www/yii/framework/web/filters/CFilter.php(40): CFilterChain->run()
#24 /var/www/yii/framework/web/CController.php(1145): CFilter->filter(Object(CFilterChain))
#25 /var/www/yii/framework/web/filters/CInlineFilter.php(58): CController->filterAccessControl(Object(CFilterChain))
#26 /var/www/yii/framework/web/filters/CFilterChain.php(130): CInlineFilter->filter(Object(CFilterChain))
#27 /var/www/yii/framework/web/CController.php(291): CFilterChain->run()
#28 /var/www/yii/framework/web/CController.php(265): CController->runActionWithFilters(Object(CInlineAction), Array)
#29 /var/www/yii/framework/web/CWebApplication.php(282): CController->run('admin')
#30 /var/www/yii/framework/web/CWebApplication.php(141): CWebApplication->runController('invmgmt/contact...')
#31 /var/www/yii/framework/base/CApplication.php(180): CWebApplication->processRequest()
#32 /var/www/amantran/index.php(13): CApplication->run()
#33 {main}
REQUEST_URI=/amantran/index.php?r=invmgmt/contact/admin
HTTP_REFERER=http://localhost/amantran/index.php?r=invmgmt
---
2014/02/19 10:52:29 [error] [exception.CHttpException.404] exception 'CHttpException' with message 'Unable to resolve the request "invmgmt/invmgmt".' in /var/www/yii/framework/web/CWebApplication.php:286
Stack trace:
#0 /var/www/yii/framework/web/CWebApplication.php(141): CWebApplication->runController('invmgmt/invmgmt')
#1 /var/www/yii/framework/base/CApplication.php(180): CWebApplication->processRequest()
#2 /var/www/amantran/index.php(13): CApplication->run()
#3 {main}
REQUEST_URI=/amantran/index.php?r=invmgmt/invmgmt
HTTP_REFERER=http://localhost/amantran/index.php?r=invmgmt/contact/admin
---
2014/02/19 11:55:24 [error] [php] Undefined variable: model (/var/www/amantran/protected/views/layouts/main.php:50)
Stack trace:
#0 /var/www/yii/framework/web/CController.php(784): SiteController->renderFile()
#1 /var/www/amantran/protected/controllers/SiteController.php(32): SiteController->render()
#2 /var/www/yii/framework/web/actions/CInlineAction.php(49): SiteController->actionIndex()
#3 /var/www/yii/framework/web/CController.php(308): CInlineAction->runWithParams()
#4 /var/www/yii/framework/web/CController.php(286): SiteController->runAction()
#5 /var/www/yii/framework/web/CController.php(265): SiteController->runActionWithFilters()
#6 /var/www/yii/framework/web/CWebApplication.php(282): SiteController->run()
#7 /var/www/yii/framework/web/CWebApplication.php(141): CWebApplication->runController()
#8 /var/www/yii/framework/base/CApplication.php(180): CWebApplication->processRequest()
#9 /var/www/amantran/index.php(13): CWebApplication->run()
REQUEST_URI=/amantran/index.php?r=site/index
in /var/www/amantran/protected/views/layouts/main.php (50)
in /var/www/amantran/protected/controllers/SiteController.php (32)
in /var/www/amantran/index.php (13)
2014/02/19 11:55:47 [error] [exception.CException] exception 'CException' with message 'YiiSelectize must specify "model" and "attribute" or "name" property values.' in /var/www/yii/framework/web/widgets/CInputWidget.php:61
Stack trace:
#0 /var/www/amantran/protected/extensions/yii-selectize/YiiSelectize.php(154): CInputWidget->resolveNameID()
#1 /var/www/yii/framework/web/CBaseController.php(173): YiiSelectize->run()
#2 /var/www/amantran/protected/views/layouts/main.php(58): CBaseController->widget('ext.yii-selecti...', Array)
#3 /var/www/yii/framework/web/CBaseController.php(126): require('/var/www/amantr...')
#4 /var/www/yii/framework/web/CBaseController.php(95): CBaseController->renderInternal('/var/www/amantr...', Array, true)
#5 /var/www/yii/framework/web/CController.php(784): CBaseController->renderFile('/var/www/amantr...', Array, true)
#6 /var/www/amantran/protected/controllers/SiteController.php(32): CController->render('index')
#7 /var/www/yii/framework/web/actions/CInlineAction.php(49): SiteController->actionIndex()
#8 /var/www/yii/framework/web/CController.php(308): CInlineAction->runWithParams(Array)
#9 /var/www/yii/framework/web/CController.php(286): CController->runAction(Object(CInlineAction))
#10 /var/www/yii/framework/web/CController.php(265): CController->runActionWithFilters(Object(CInlineAction), Array)
#11 /var/www/yii/framework/web/CWebApplication.php(282): CController->run('index')
#12 /var/www/yii/framework/web/CWebApplication.php(141): CWebApplication->runController('site/index')
#13 /var/www/yii/framework/base/CApplication.php(180): CWebApplication->processRequest()
#14 /var/www/amantran/index.php(13): CApplication->run()
#15 {main}
REQUEST_URI=/amantran/index.php?r=site/index
HTTP_REFERER=http://localhost/amantran/index.php
---
